


ARM Macro Assembler    Page 1 


    1 00000000                 area             my_code, code, READONLY
    2 00000000         
    3 00000000         init
    4 00000000 E3A01006        LDR              R1, =6
    5 00000004 E3A02203        LDR              R2, =0x30000000
    6 00000008 E5C21000        STRB             R1, [R2]
    7 0000000C         
    8 0000000C E3A01206        LDR              R1, =0x60000000
    9 00000010 E3A02000        LDR              R2, =0
   10 00000014 E5C12000        STRB             R2, [R1]
   11 00000018 E3A0200A        LDR              R2, =10
   12 0000001C E5C12001        STRB             R2, [R1, #1]
   13 00000020 E3A02001        LDR              R2, =1
   14 00000024 E5C12002        STRB             R2, [R1, #2]
   15 00000028 E3A0207F        LDR              R2, =127
   16 0000002C E5C12003        STRB             R2, [R1, #3]
   17 00000030 E3A0207F        LDR              R2, =127
   18 00000034 E5C12004        STRB             R2, [R1, #4]
   19 00000038 E3A0207F        LDR              R2, =127
   20 0000003C E5C12005        STRB             R2, [R1, #5]
   21 00000040 E3A0207F        LDR              R2, =127
   22 00000044 E5C12006        STRB             R2, [R1, #6]
   23 00000048 E3A02000        LDR              R2, =0
   24 0000004C E5C12007        STRB             R2, [R1, #7]
   25 00000050 E3A0200A        LDR              R2, =10
   26 00000054 E5C12008        STRB             R2, [R1, #8]
   27 00000058 E3A02002        LDR              R2, =2
   28 0000005C E5C12009        STRB             R2, [R1, #9]
   29 00000060 E3A0207F        LDR              R2, =127
   30 00000064 E5C1200A        STRB             R2, [R1, #10]
   31 00000068 E3A0207F        LDR              R2, =127
   32 0000006C E5C1200B        STRB             R2, [R1, #11]
   33 00000070 E3A0207F        LDR              R2, =127
   34 00000074 E5C1200C        STRB             R2, [R1, #12]
   35 00000078 E3A0207F        LDR              R2, =127
   36 0000007C E5C1200D        STRB             R2, [R1, #13]
   37 00000080 E3A02000        LDR              R2, =0
   38 00000084 E5C1200E        STRB             R2, [R1, #14]
   39 00000088 E3A0200A        LDR              R2, =10
   40 0000008C E5C1200F        STRB             R2, [R1, #15]
   41 00000090 E3A02003        LDR              R2, =3
   42 00000094 E5C12010        STRB             R2, [R1, #16]
   43 00000098 E3A0207F        LDR              R2, =127
   44 0000009C E5C12011        STRB             R2, [R1, #17]
   45 000000A0 E3A0207F        LDR              R2, =127
   46 000000A4 E5C12012        STRB             R2, [R1, #18]
   47 000000A8 E3A0207F        LDR              R2, =127
   48 000000AC E5C12013        STRB             R2, [R1, #19]
   49 000000B0 E3A0207F        LDR              R2, =127
   50 000000B4 E5C12014        STRB             R2, [R1, #20]
   51 000000B8 E3A02000        LDR              R2, =0
   52 000000BC E5C12015        STRB             R2, [R1, #21]
   53 000000C0 E3A0200A        LDR              R2, =10
   54 000000C4 E5C12016        STRB             R2, [R1, #22]
   55 000000C8 E3A02005        LDR              R2, =5
   56 000000CC E5C12017        STRB             R2, [R1, #23]
   57 000000D0 E3A0207F        LDR              R2, =127
   58 000000D4 E5C12018        STRB             R2, [R1, #24]
   59 000000D8 E3A0207F        LDR              R2, =127



ARM Macro Assembler    Page 2 


   60 000000DC E5C12019        STRB             R2, [R1, #25]
   61 000000E0 E3A0207F        LDR              R2, =127
   62 000000E4 E5C1201A        STRB             R2, [R1, #26]
   63 000000E8 E3A0207F        LDR              R2, =127
   64 000000EC E5C1201B        STRB             R2, [R1, #27]
   65 000000F0 E3A02000        LDR              R2, =0
   66 000000F4 E5C1201C        STRB             R2, [R1, #28]
   67 000000F8 E3A0200A        LDR              R2, =10
   68 000000FC E5C1201D        STRB             R2, [R1, #29]
   69 00000100 E3A0207F        LDR              R2, =127
   70 00000104 E5C1201E        STRB             R2, [R1, #30]
   71 00000108 E3A0207F        LDR              R2, =127
   72 0000010C E5C1201F        STRB             R2, [R1, #31]
   73 00000110 E3A0207F        LDR              R2, =127
   74 00000114 E5C12020        STRB             R2, [R1, #32]
   75 00000118 E3A0207F        LDR              R2, =127
   76 0000011C E5C12021        STRB             R2, [R1, #33]
   77 00000120 E3A0207F        LDR              R2, =127
   78 00000124 E5C12022        STRB             R2, [R1, #34]
   79 00000128 E3A02000        LDR              R2, =0
   80 0000012C E5C12023        STRB             R2, [R1, #35]
   81 00000130         
   82 00000130         
   83 00000130         ;visited array
   84 00000130 E3A00000        LDR              R0,=0
   85 00000134 E3A03102        LDR              R3,=0X80000000
   86 00000138 E5830000        STR              R0,[R3]
   87 0000013C E3A00000        LDR              R0,=0
   88 00000140 E5C30001        STRB             R0,[R3,#1]
   89 00000144 E3A00000        LDR              R0,=0
   90 00000148 E5C30002        STRB             R0,[R3,#2]
   91 0000014C E3A00000        LDR              R0,=0
   92 00000150 E5C30003        STRB             R0,[R3,#3]
   93 00000154 E3A00000        LDR              R0,=0
   94 00000158 E5C30004        STRB             R0,[R3,#4]
   95 0000015C E3A00000        LDR              R0,=0
   96 00000160 E5C30005        STRB             R0,[R3,#5]
   97 00000164         
   98 00000164         ; distance array
   99 00000164 E3A04000        LDR              R4,=0
  100 00000168 E3A05202        LDR              R5,=0X20000000
  101 0000016C E5C54000        STRB             R4,[R5]
  102 00000170 E3A0407F        LDR              R4,=127
  103 00000174 E5C54001        STRB             R4,[R5,#1]
  104 00000178 E3A0407F        LDR              R4,=127
  105 0000017C E5C54002        STRB             R4,[R5,#2]
  106 00000180 E3A0407F        LDR              R4,=127
  107 00000184 E5C54003        STRB             R4,[R5,#3]
  108 00000188 E3A0407F        LDR              R4,=127
  109 0000018C E5C54004        STRB             R4,[R5,#4]
  110 00000190 E3A0407F        LDR              R4,=127
  111 00000194 E5C54005        STRB             R4,[R5,#5]
  112 00000198         
  113 00000198 E3A04006        LDR              R4, =6
  114 0000019C E3A02203        LDR              R2, =0x30000000
  115 000001A0 E5C24000        STRB             R4, [R2]
  116 000001A4         
  117 000001A4         start
  118 000001A4         ; visited array



ARM Macro Assembler    Page 3 


  119 000001A4         ; update first six elements of the matrix 
  120 000001A4         
  121 000001A4 E5D20000        LDRB             R0,[R2]
  122 000001A8 E3A06000        LDR              R6,=0
  123 000001AC E2404001        SUB              R4,R0,#1
  124 000001B0         startloop1
  125 000001B0 E1560004        CMP              R6,R4
  126 000001B4 0A00002C        BEQ              endloop1
  127 000001B8         
  128 000001B8         ; R9 WILL STORE THE MIN INDEX
  129 000001B8         ; R11 WILL STORE MIN DISTANCE
  130 000001B8 E3A0B07F        LDR              R11,=127
  131 000001BC E3A08000        LDR              R8,=0
  132 000001C0         
  133 000001C0         startloop3
  134 000001C0 E1580000        CMP              R8,R0
  135 000001C4 0A00000A        BEQ              endloop3
  136 000001C8 E7D3A008        LDRB             R10,[R3,R8]
  137 000001CC E35A0000        CMP              R10,#0
  138 000001D0 0A000000        BEQ              if2
  139 000001D4 EA000004        B                els
  140 000001D8         if2
  141 000001D8 E7D5A008        LDRB             R10,[R5,R8]
  142 000001DC E15A000B        CMP              R10,R11
  143 000001E0 CA000001        BGT              els
  144 000001E4 E1A09008        MOV              R9,R8
  145 000001E8 E1A0B00A        MOV              R11,R10
  146 000001EC         
  147 000001EC         els
  148 000001EC         
  149 000001EC E2888001        ADD              R8,R8,#1
  150 000001F0 EAFFFFF2        B                startloop3
  151 000001F4         endloop3
  152 000001F4         
  153 000001F4 E3A0C001        LDR              R12,=1
  154 000001F8 E7C3C009        STRB             R12,[R3,R9]
  155 000001FC         
  156 000001FC E3A07000        LDR              R7,=0
  157 00000200         startloop2
  158 00000200 E1570000        CMP              R7,R0
  159 00000204 0A000016        BEQ              endloop2
  160 00000208         
  161 00000208 E7D3C007        LDRB             R12,[R3,R7]
  162 0000020C E35C0000        CMP              R12,#0
  163 00000210 0A000000        BEQ              if3
  164 00000214 EA000010        B                els1
  165 00000218         if3
  166 00000218 E7D5C009        LDRB             R12,[R5,R9]
  167 0000021C E35C007F        CMP              R12,#127
  168 00000220 1A000000        BNE              elsif1
  169 00000224 EA00000C        B                els1
  170 00000228         elsif1
  171 00000228         
  172 00000228 E00B0099        MUL              R11,R9,R0
  173 0000022C E08BB007        ADD              R11,R11,R7
  174 00000230 E7D1C00B        LDRB             R12,[R1,R11]
  175 00000234 E35C007F        CMP              R12,#127
  176 00000238 BA000000        BLT              elsif2
  177 0000023C EA000006        B                els1



ARM Macro Assembler    Page 4 


  178 00000240         elsif2
  179 00000240 E7D5B009        LDRB             R11,[R5,R9]
  180 00000244 E08C800B        ADD              R8,R12,R11
  181 00000248 E7D5A007        LDRB             R10,[R5,R7]
  182 0000024C E158000A        CMP              R8,R10
  183 00000250 BA000000        BLT              change
  184 00000254 EA000000        B                els1
  185 00000258         change
  186 00000258 E7C58007        STRB             R8,[R5,R7]
  187 0000025C         els1
  188 0000025C E2877001        add              R7,R7,#1
  189 00000260 EAFFFFE6        B                startloop2
  190 00000264         endloop2
  191 00000264         
  192 00000264 E2866001        ADD              R6,R6,#1
  193 00000268 EAFFFFD0        B                startloop1
  194 0000026C         
  195 0000026C         endloop1
  196 0000026C         
  197 0000026C EAFFFFFE 
                       here    B                here
  198 00000270                 end
Command Line: --debug --xref --diag_suppress=9931 --apcs=interwork --depend=.\o
bjects\prog_03.d -o.\objects\prog_03.o -IC:\Keil_v5\ARM\RV31\INC --predefine="_
_UVISION_VERSION SETA 536" --list=.\listings\prog_03.lst Prog_03.asm



ARM Macro Assembler    Page 1 Alphabetic symbol ordering
Relocatable symbols

change 00000258

Symbol: change
   Definitions
      At line 185 in file Prog_03.asm
   Uses
      At line 183 in file Prog_03.asm
Comment: change used once
els 000001EC

Symbol: els
   Definitions
      At line 147 in file Prog_03.asm
   Uses
      At line 139 in file Prog_03.asm
      At line 143 in file Prog_03.asm

els1 0000025C

Symbol: els1
   Definitions
      At line 187 in file Prog_03.asm
   Uses
      At line 164 in file Prog_03.asm
      At line 169 in file Prog_03.asm
      At line 177 in file Prog_03.asm
      At line 184 in file Prog_03.asm

elsif1 00000228

Symbol: elsif1
   Definitions
      At line 170 in file Prog_03.asm
   Uses
      At line 168 in file Prog_03.asm
Comment: elsif1 used once
elsif2 00000240

Symbol: elsif2
   Definitions
      At line 178 in file Prog_03.asm
   Uses
      At line 176 in file Prog_03.asm
Comment: elsif2 used once
endloop1 0000026C

Symbol: endloop1
   Definitions
      At line 195 in file Prog_03.asm
   Uses
      At line 126 in file Prog_03.asm
Comment: endloop1 used once
endloop2 00000264

Symbol: endloop2
   Definitions
      At line 190 in file Prog_03.asm
   Uses
      At line 159 in file Prog_03.asm



ARM Macro Assembler    Page 2 Alphabetic symbol ordering
Relocatable symbols

Comment: endloop2 used once
endloop3 000001F4

Symbol: endloop3
   Definitions
      At line 151 in file Prog_03.asm
   Uses
      At line 135 in file Prog_03.asm
Comment: endloop3 used once
here 0000026C

Symbol: here
   Definitions
      At line 197 in file Prog_03.asm
   Uses
      At line 197 in file Prog_03.asm
Comment: here used once
if2 000001D8

Symbol: if2
   Definitions
      At line 140 in file Prog_03.asm
   Uses
      At line 138 in file Prog_03.asm
Comment: if2 used once
if3 00000218

Symbol: if3
   Definitions
      At line 165 in file Prog_03.asm
   Uses
      At line 163 in file Prog_03.asm
Comment: if3 used once
init 00000000

Symbol: init
   Definitions
      At line 3 in file Prog_03.asm
   Uses
      None
Comment: init unused
my_code 00000000

Symbol: my_code
   Definitions
      At line 1 in file Prog_03.asm
   Uses
      None
Comment: my_code unused
start 000001A4

Symbol: start
   Definitions
      At line 117 in file Prog_03.asm
   Uses
      None
Comment: start unused
startloop1 000001B0




ARM Macro Assembler    Page 3 Alphabetic symbol ordering
Relocatable symbols

Symbol: startloop1
   Definitions
      At line 124 in file Prog_03.asm
   Uses
      At line 193 in file Prog_03.asm
Comment: startloop1 used once
startloop2 00000200

Symbol: startloop2
   Definitions
      At line 157 in file Prog_03.asm
   Uses
      At line 189 in file Prog_03.asm
Comment: startloop2 used once
startloop3 000001C0

Symbol: startloop3
   Definitions
      At line 133 in file Prog_03.asm
   Uses
      At line 150 in file Prog_03.asm
Comment: startloop3 used once
17 symbols
348 symbols in table
