


ARM Macro Assembler    Page 1 


    1 00000000                 AREA             SORT_ARRAY,CODE,READWRITE
    2 00000000                 ENTRY
    3 00000000         START
    4 00000000 E28F0064        ADR              R0,source_array_ROM
    5 00000004 E3A02101        LDR              R2,=0x40000000
    6 00000008 E4D08001        LDRB             R8,[R0],#01
    7 0000000C E4C28001        STRB             R8,[R2],#01
    8 00000010         
    9 00000010         FOR_COPY
   10 00000010 E4D01001        LDRB             R1,[R0],#01
   11 00000014 E4C21001        STRB             R1,[R2],#01
   12 00000018 E2588001        SUBS             R8,R8,#01
   13 0000001C E3580000        CMP              R8,#0
   14 00000020 1AFFFFFA        BNE              FOR_COPY
   15 00000024         
   16 00000024 E3A01101 
                       START1  LDR              R1,=0x40000000
   17 00000028 E4D15001        LDRB             R5,[R1],#01
   18 0000002C E2555001        SUBS             R5,R5,#01
   19 00000030 E3A07000        MOV              R7,#0
   20 00000034         
   21 00000034         
   22 00000034 E4D12001 
                       LOOP    LDRB             R2,[R1],#01
   23 00000038 E5D13000        LDRB             R3,[R1]
   24 0000003C E1520003        CMP              R2,R3
   25 00000040 BA000003        BLT              LOOP2
   26 00000044 E4412001        STRB             R2,[R1],#-01
   27 00000048 E5C13000        STRB             R3,[R1]
   28 0000004C E3A07001        MOV              R7,#01
   29 00000050 E2811001        ADD              R1,#01
   30 00000054         
   31 00000054         LOOP2
   32 00000054 E2555001        SUBS             R5,R5,#01
   33 00000058 E3550000        CMP              R5,#0
   34 0000005C 1AFFFFF4        BNE              LOOP
   35 00000060 E3570000        CMP              R7,#0
   36 00000064 1AFFFFEE        BNE              START1
   37 00000068         
   38 00000068 EAFFFFFE 
                       HERE    B                HERE
   39 0000006C         
   40 0000006C 05 05 02 
              08 04 01 source_array_ROM
                               DCB              0x05,0x05,0x02,0x08,0x04,0x01
   41 00000072         
   42 00000072                 END
Command Line: --debug --xref --diag_suppress=9931 --apcs=interwork --depend=.\o
bjects\prog_01.d -o.\objects\prog_01.o -IC:\Keil_v5\ARM\RV31\INC --predefine="_
_UVISION_VERSION SETA 536" --list=.\listings\prog_01.lst prog_01.asm



ARM Macro Assembler    Page 1 Alphabetic symbol ordering
Relocatable symbols

FOR_COPY 00000010

Symbol: FOR_COPY
   Definitions
      At line 9 in file prog_01.asm
   Uses
      At line 14 in file prog_01.asm
Comment: FOR_COPY used once
HERE 00000068

Symbol: HERE
   Definitions
      At line 38 in file prog_01.asm
   Uses
      At line 38 in file prog_01.asm
Comment: HERE used once
LOOP 00000034

Symbol: LOOP
   Definitions
      At line 22 in file prog_01.asm
   Uses
      At line 34 in file prog_01.asm
Comment: LOOP used once
LOOP2 00000054

Symbol: LOOP2
   Definitions
      At line 31 in file prog_01.asm
   Uses
      At line 25 in file prog_01.asm
Comment: LOOP2 used once
SORT_ARRAY 00000000

Symbol: SORT_ARRAY
   Definitions
      At line 1 in file prog_01.asm
   Uses
      None
Comment: SORT_ARRAY unused
START 00000000

Symbol: START
   Definitions
      At line 3 in file prog_01.asm
   Uses
      None
Comment: START unused
START1 00000024

Symbol: START1
   Definitions
      At line 16 in file prog_01.asm
   Uses
      At line 36 in file prog_01.asm
Comment: START1 used once
source_array_ROM 0000006C

Symbol: source_array_ROM



ARM Macro Assembler    Page 2 Alphabetic symbol ordering
Relocatable symbols

   Definitions
      At line 40 in file prog_01.asm
   Uses
      At line 4 in file prog_01.asm
Comment: source_array_ROM used once
8 symbols
339 symbols in table
